<?xml version="1.0" encoding="utf-8" standalone="yes"?>
<Events>
  <Event xmlns='http://schemas.microsoft.com/win/2004/08/events/event'>
    <System>
      <Provider Name='Microsoft-Windows-Sysmon' Guid='{5770385f-c22a-43e0-bf4c-06f5698ffbd9}'/>
      <EventID>1</EventID>
      <Version>5</Version>
      <Level>4</Level>
      <Task>1</Task>
      <Opcode>0</Opcode>
      <Keywords>0x8000000000000000</Keywords>
      <TimeCreated SystemTime='2025-01-15T14:22:30.1234567Z'/>
      <EventRecordID>8120</EventRecordID>
      <Correlation/>
      <Execution ProcessID='2020' ThreadID='2088'/>
      <Channel>Microsoft-Windows-Sysmon/Operational</Channel>
      <Computer>ws-eng-1</Computer>
      <Security UserID='S-1-5-21-1234567890-1234567890-1234567890-1001'/>
    </System>
    <EventData>
      <Data Name='RuleName'></Data>
      <Data Name='UtcTime'>2025-01-15 14:22:30.123</Data>
      <Data Name='ProcessGuid'>{365abb72-3ede-5d0b-0000-001032961a00}</Data>
      <Data Name='ProcessId'>3820</Data>
      <Data Name='Image'>C:\Windows\System32\systeminfo.exe</Data>
      <Data Name='FileVersion'>10.0.19041.1 (win10_21h2)</Data>
      <Data Name='Description'>Displays system information</Data>
      <Data Name='Product'>Microsoft® Windows® Operating System</Data>
      <Data Name='Company'>Microsoft Corporation</Data>
      <Data Name='CommandLine'>systeminfo</Data>
      <Data Name='CurrentDirectory'>c:\ProgramData\</Data>
      <Data Name='User'>CORP\alice</Data>
      <Data Name='LogonGuid'>{365abb72-3991-5d0b-0000-002029350100}</Data>
      <Data Name='LogonId'>0x13529</Data>
      <Data Name='TerminalSessionId'>1</Data>
      <Data Name='IntegrityLevel'>High</Data>
      <Data Name='Hashes'>SHA1=5A3D9211F06A9D4B4DE16AB40E02EC2D5F8C258E,MD5=258B2ED54FC7F74E2FDCCE5861549C1A</Data>
      <Data Name='ParentProcessGuid'>{365abb72-3ed4-5d0b-0000-0010b2871a00}</Data>
      <Data Name='ParentProcessId'>1440</Data>
      <Data Name='ParentImage'>C:\Windows\System32\cmd.exe</Data>
      <Data Name='ParentCommandLine'>"cmd"</Data>
    </EventData>
  </Event>

  <Event xmlns='http://schemas.microsoft.com/win/2004/08/events/event'>
    <System>
      <Provider Name='Microsoft-Windows-Sysmon' Guid='{5770385f-c22a-43e0-bf4c-06f5698ffbd9}'/>
      <EventID>1</EventID>
      <Version>5</Version>
      <Level>4</Level>
      <Task>1</Task>
      <Opcode>0</Opcode>
      <Keywords>0x8000000000000000</Keywords>
      <TimeCreated SystemTime='2025-01-15T14:22:18.9568108Z'/>
      <EventRecordID>8119</EventRecordID>
      <Correlation/>
      <Execution ProcessID='2020' ThreadID='2088'/>
      <Channel>Microsoft-Windows-Sysmon/Operational</Channel>
      <Computer>ws-eng-1</Computer>
      <Security UserID='S-1-5-21-1234567890-1234567890-1234567890-1001'/>
    </System>
    <EventData>
      <Data Name='RuleName'></Data>
      <Data Name='UtcTime'>2025-01-15 14:22:18.956</Data>
      <Data Name='ProcessGuid'>{365abb72-3ed8-5d0b-0000-0010398f1a00}</Data>
      <Data Name='ProcessId'>1476</Data>
      <Data Name='Image'>C:\Windows\System32\whoami.exe</Data>
      <Data Name='FileVersion'>10.0.19041.1 (win10_21h2)</Data>
      <Data Name='Description'>whoami - displays logged on user information</Data>
      <Data Name='Product'>Microsoft® Windows® Operating System</Data>
      <Data Name='Company'>Microsoft Corporation</Data>
      <Data Name='CommandLine'>whoami</Data>
      <Data Name='CurrentDirectory'>c:\ProgramData\</Data>
      <Data Name='User'>CORP\alice</Data>
      <Data Name='LogonGuid'>{365abb72-3991-5d0b-0000-002029350100}</Data>
      <Data Name='LogonId'>0x13529</Data>
      <Data Name='TerminalSessionId'>1</Data>
      <Data Name='IntegrityLevel'>High</Data>
      <Data Name='Hashes'>SHA1=DC058F52AD8ACBD316827B6DCAC2434AB3CC515C,MD5=0EBF71E33EF09CA65D9683AFA999C473</Data>
      <Data Name='ParentProcessGuid'>{365abb72-3ed4-5d0b-0000-0010b2871a00}</Data>
      <Data Name='ParentProcessId'>1440</Data>
      <Data Name='ParentImage'>C:\Windows\System32\cmd.exe</Data>
      <Data Name='ParentCommandLine'>"cmd"</Data>
    </EventData>
  </Event>

  <Event xmlns='http://schemas.microsoft.com/win/2004/08/events/event'>
    <System>
      <Provider Name='Microsoft-Windows-Sysmon' Guid='{5770385f-c22a-43e0-bf4c-06f5698ffbd9}'/>
      <EventID>3</EventID>
      <Version>5</Version>
      <Level>4</Level>
      <Task>3</Task>
      <Opcode>0</Opcode>
      <Keywords>0x8000000000000000</Keywords>
      <TimeCreated SystemTime='2025-01-15T14:22:16.3786858Z'/>
      <EventRecordID>8118</EventRecordID>
      <Correlation/>
      <Execution ProcessID='2020' ThreadID='2092'/>
      <Channel>Microsoft-Windows-Sysmon/Operational</Channel>
      <Computer>ws-eng-1</Computer>
      <Security UserID='S-1-5-18'/>
    </System>
    <EventData>
      <Data Name='RuleName'></Data>
      <Data Name='UtcTime'>2025-01-15 14:22:14.721</Data>
      <Data Name='ProcessGuid'>{365abb72-3d05-5d0b-0000-001004220d00}</Data>
      <Data Name='ProcessId'>816</Data>
      <Data Name='Image'>C:\Windows\System32\WindowsPowerShell\v1.0\powershell.exe</Data>
      <Data Name='User'>CORP\alice</Data>
      <Data Name='Protocol'>tcp</Data>
      <Data Name='Initiated'>false</Data>
      <Data Name='SourceIsIpv6'>false</Data>
      <Data Name='SourceIp'>172.16.34.21</Data>
      <Data Name='SourceHostname'>ws-eng-1</Data>
      <Data Name='SourcePort'>52341</Data>
      <Data Name='SourcePortName'></Data>
      <Data Name='DestinationIsIpv6'>false</Data>
      <Data Name='DestinationIp'>172.16.34.6</Data>
      <Data Name='DestinationHostname'>db-1</Data>
      <Data Name='DestinationPort'>1433</Data>
      <Data Name='DestinationPortName'>mssql</Data>
    </EventData>
  </Event>

  <Event xmlns='http://schemas.microsoft.com/win/2004/08/events/event'>
    <System>
      <Provider Name='Microsoft-Windows-Sysmon' Guid='{5770385f-c22a-43e0-bf4c-06f5698ffbd9}'/>
      <EventID>10</EventID>
      <Version>3</Version>
      <Level>4</Level>
      <Task>10</Task>
      <Opcode>0</Opcode>
      <Keywords>0x8000000000000000</Keywords>
      <TimeCreated SystemTime='2025-01-15T14:22:14.9255608Z'/>
      <EventRecordID>8117</EventRecordID>
      <Correlation/>
      <Execution ProcessID='2020' ThreadID='2088'/>
      <Channel>Microsoft-Windows-Sysmon/Operational</Channel>
      <Computer>ws-eng-1</Computer>
      <Security UserID='S-1-5-18'/>
    </System>
    <EventData>
      <Data Name='RuleName'>Suspicious Process Access</Data>
      <Data Name='UtcTime'>2025-01-15 14:22:14.909</Data>
      <Data Name='SourceProcessGUID'>{365abb72-3d05-5d0b-0000-001004220d00}</Data>
      <Data Name='SourceProcessId'>816</Data>
      <Data Name='SourceThreadId'>2000</Data>
      <Data Name='SourceImage'>C:\Windows\System32\WindowsPowerShell\v1.0\powershell.exe</Data>
      <Data Name='TargetProcessGUID'>{365abb72-3ed4-5d0b-0000-0010b2871a00}</Data>
      <Data Name='TargetProcessId'>1440</Data>
      <Data Name='TargetImage'>C:\Windows\system32\cmd.exe</Data>
      <Data Name='GrantedAccess'>0x1fffff</Data>
      <Data Name='CallTrace'>C:\Windows\SYSTEM32\ntdll.dll+4530c|C:\Windows\system32\kernel32.dll+51133</Data>
    </EventData>
  </Event>

  <Event xmlns='http://schemas.microsoft.com/win/2004/08/events/event'>
    <System>
      <Provider Name='Microsoft-Windows-Sysmon' Guid='{5770385f-c22a-43e0-bf4c-06f5698ffbd9}'/>
      <EventID>1</EventID>
      <Version>5</Version>
      <Level>4</Level>
      <Task>1</Task>
      <Opcode>0</Opcode>
      <Keywords>0x8000000000000000</Keywords>
      <TimeCreated SystemTime='2025-01-15T14:22:14.9255608Z'/>
      <EventRecordID>8116</EventRecordID>
      <Correlation/>
      <Execution ProcessID='2020' ThreadID='2088'/>
      <Channel>Microsoft-Windows-Sysmon/Operational</Channel>
      <Computer>ws-eng-1</Computer>
      <Security UserID='S-1-5-18'/>
    </System>
    <EventData>
      <Data Name='RuleName'></Data>
      <Data Name='UtcTime'>2025-01-15 14:22:14.909</Data>
      <Data Name='ProcessGuid'>{365abb72-3ed4-5d0b-0000-0010b2871a00}</Data>
      <Data Name='ProcessId'>1440</Data>
      <Data Name='Image'>C:\Windows\System32\cmd.exe</Data>
      <Data Name='FileVersion'>10.0.19041.1 (win10_21h2)</Data>
      <Data Name='Description'>Windows Command Processor</Data>
      <Data Name='Product'>Microsoft® Windows® Operating System</Data>
      <Data Name='Company'>Microsoft Corporation</Data>
      <Data Name='CommandLine'>"cmd"</Data>
      <Data Name='CurrentDirectory'>c:\ProgramData\</Data>
      <Data Name='User'>CORP\alice</Data>
      <Data Name='LogonGuid'>{365abb72-3991-5d0b-0000-002029350100}</Data>
      <Data Name='LogonId'>0x13529</Data>
      <Data Name='TerminalSessionId'>1</Data>
      <Data Name='IntegrityLevel'>High</Data>
      <Data Name='Hashes'>SHA1=EE8CBF12D87C4D388F09B4F69BED2E91682920B5,MD5=AD7B9C14083B52BC532FBA5948342B98</Data>
      <Data Name='ParentProcessGuid'>{365abb72-3d05-5d0b-0000-001004220d00}</Data>
      <Data Name='ParentProcessId'>816</Data>
      <Data Name='ParentImage'>C:\Windows\System32\WindowsPowerShell\v1.0\powershell.exe</Data>
      <Data Name='ParentCommandLine'>powershell</Data>
    </EventData>
  </Event>

  <Event xmlns='http://schemas.microsoft.com/win/2004/08/events/event'>
    <System>
      <Provider Name='Microsoft-Windows-Sysmon' Guid='{5770385f-c22a-43e0-bf4c-06f5698ffbd9}'/>
      <EventID>10</EventID>
      <Version>3</Version>
      <Level>4</Level>
      <Task>10</Task>
      <Opcode>0</Opcode>
      <Keywords>0x8000000000000000</Keywords>
      <TimeCreated SystemTime='2025-01-15T14:22:14.9099358Z'/>
      <EventRecordID>8115</EventRecordID>
      <Correlation/>
      <Execution ProcessID='2020' ThreadID='2088'/>
      <Channel>Microsoft-Windows-Sysmon/Operational</Channel>
      <Computer>ws-eng-1</Computer>
      <Security UserID='S-1-5-18'/>
    </System>
    <EventData>
      <Data Name='RuleName'>Suspicious Process Access 2</Data>
      <Data Name='UtcTime'>2025-01-15 14:22:14.894</Data>
      <Data Name='SourceProcessGUID'>{365abb72-3d05-5d0b-0000-001004220d00}</Data>
      <Data Name='SourceProcessId'>816</Data>
      <Data Name='SourceThreadId'>2000</Data>
      <Data Name='SourceImage'>C:\Windows\System32\WindowsPowerShell\v1.0\powershell.exe</Data>
      <Data Name='TargetProcessGUID'>{365abb72-3ed4-5d0b-0000-00106c871a00}</Data>
      <Data Name='TargetProcessId'>888</Data>
      <Data Name='TargetImage'>C:\Windows\system32\cmd.exe</Data>
      <Data Name='GrantedAccess'>0x1fffff</Data>
      <Data Name='CallTrace'>C:\Windows\SYSTEM32\ntdll.dll+4530c|C:\Windows\system32\kernel32.dll+51133</Data>
    </EventData>
  </Event>

  <Event xmlns='http://schemas.microsoft.com/win/2004/08/events/event'>
    <System>
      <Provider Name='Microsoft-Windows-Sysmon' Guid='{5770385f-c22a-43e0-bf4c-06f5698ffbd9}'/>
      <EventID>1</EventID>
      <Version>5</Version>
      <Level>4</Level>
      <Task>1</Task>
      <Opcode>0</Opcode>
      <Keywords>0x8000000000000000</Keywords>
      <TimeCreated SystemTime='2025-01-15T14:22:14.9099358Z'/>
      <EventRecordID>8114</EventRecordID>
      <Correlation/>
      <Execution ProcessID='2020' ThreadID='2088'/>
      <Channel>Microsoft-Windows-Sysmon/Operational</Channel>
      <Computer>ws-eng-1</Computer>
      <Security UserID='S-1-5-18'/>
    </System>
    <EventData>
      <Data Name='RuleName'></Data>
      <Data Name='UtcTime'>2025-01-15 14:22:14.894</Data>
      <Data Name='ProcessGuid'>{365abb72-3ed4-5d0b-0000-00106c871a00}</Data>
      <Data Name='ProcessId'>888</Data>
      <Data Name='Image'>C:\Windows\System32\cmd.exe</Data>
      <Data Name='FileVersion'>10.0.19041.1 (win10_21h2)</Data>
      <Data Name='Description'>Windows Command Processor</Data>
      <Data Name='Product'>Microsoft® Windows® Operating System</Data>
      <Data Name='Company'>Microsoft Corporation</Data>
      <Data Name='CommandLine'>"cmd"</Data>
      <Data Name='CurrentDirectory'>c:\ProgramData\</Data>
      <Data Name='User'>CORP\alice</Data>
      <Data Name='LogonGuid'>{365abb72-3991-5d0b-0000-002029350100}</Data>
      <Data Name='LogonId'>0x13529</Data>
      <Data Name='TerminalSessionId'>1</Data>
      <Data Name='IntegrityLevel'>High</Data>
      <Data Name='Hashes'>SHA1=EE8CBF12D87C4D388F09B4F69BED2E91682920B5,MD5=AD7B9C14083B52BC532FBA5948342B98</Data>
      <Data Name='ParentProcessGuid'>{365abb72-3d05-5d0b-0000-001004220d00}</Data>
      <Data Name='ParentProcessId'>816</Data>
      <Data Name='ParentImage'>C:\Windows\System32\WindowsPowerShell\v1.0\powershell.exe</Data>
      <Data Name='ParentCommandLine'>powershell</Data>
    </EventData>
  </Event>

  <Event xmlns='http://schemas.microsoft.com/win/2004/08/events/event'>
    <System>
      <Provider Name='Microsoft-Windows-Sysmon' Guid='{5770385f-c22a-43e0-bf4c-06f5698ffbd9}'/>
      <EventID>1</EventID>
      <Version>5</Version>
      <Level>4</Level>
      <Task>1</Task>
      <Opcode>0</Opcode>
      <Keywords>0x8000000000000000</Keywords>
      <TimeCreated SystemTime='2025-01-15T14:22:08.3318108Z'/>
      <EventRecordID>8112</EventRecordID>
      <Correlation/>
      <Execution ProcessID='2020' ThreadID='2088'/>
      <Channel>Microsoft-Windows-Sysmon/Operational</Channel>
      <Computer>ws-eng-1</Computer>
      <Security UserID='S-1-5-18'/>
    </System>
    <EventData>
      <Data Name='RuleName'></Data>
      <Data Name='UtcTime'>2025-01-15 14:22:08.316</Data>
      <Data Name='ProcessGuid'>{365abb72-3ece-5d0b-0000-00107f7f1a00}</Data>
      <Data Name='ProcessId'>1284</Data>
      <Data Name='Image'>C:\Windows\System32\NETSTAT.EXE</Data>
      <Data Name='FileVersion'>10.0.19041.1 (win10_21h2)</Data>
      <Data Name='Description'>TCP/IP Netstat Command</Data>
      <Data Name='Product'>Microsoft® Windows® Operating System</Data>
      <Data Name='Company'>Microsoft Corporation</Data>
      <Data Name='CommandLine'>"C:\Windows\system32\NETSTAT.EXE"  -na</Data>
      <Data Name='CurrentDirectory'>C:\ProgramData\</Data>
      <Data Name='User'>CORP\alice</Data>
      <Data Name='LogonGuid'>{365abb72-3991-5d0b-0000-002029350100}</Data>
      <Data Name='LogonId'>0x13529</Data>
      <Data Name='TerminalSessionId'>1</Data>
      <Data Name='IntegrityLevel'>High</Data>
      <Data Name='Hashes'>SHA1=F08D57DD80AEDDD7645CBDF27E5AF5EDF99C1F46,MD5=32297BB17E6EC700D0FC869F9ACAF561</Data>
      <Data Name='ParentProcessGuid'>{365abb72-3d05-5d0b-0000-001004220d00}</Data>
      <Data Name='ParentProcessId'>816</Data>
      <Data Name='ParentImage'>C:\Windows\System32\WindowsPowerShell\v1.0\powershell.exe</Data>
      <Data Name='ParentCommandLine'>powershell</Data>
    </EventData>
  </Event>
</Events>
